<?xml version="1.0" encoding="UTF-8"?>
<!-- Generated by org.testng.reporters.JUnitReportReporter -->
<testsuite skipped="0" hostname="DESKTOP-R276QO0" name="testRunner.LogInRunner" tests="1" failures="0" timestamp="15 Nov 2019 18:33:05 GMT" time="27.384" errors="0">
  <testcase name="runScenario" time="27.384" classname="testRunner.LogInRunner"/>
</testsuite> <!-- testRunner.LogInRunner -->
